<?xml version="1.0" encoding="UTF-8"?>
<!-- Generated by org.testng.reporters.JUnitReportReporter -->
<testsuite skipped="0" hostname="PriyankaSahni.local" name="com.shopping.SignOut" tests="2" failures="0" timestamp="17 Apr 2020 18:21:27 GMT" time="23.987" errors="0">
  <testcase name="loginToSite" time="21.223" classname="com.shopping.SignOut"/>
  <testcase name="signOut" time="2.764" classname="com.shopping.SignOut"/>
</testsuite> <!-- com.shopping.SignOut -->
