<?xml version="1.0" encoding="UTF-8"?>
<!-- Generated by org.testng.reporters.JUnitReportReporter -->
<testsuite skipped="0" hostname="PriyankaSahni.local" name="com.shopping.SignIn" tests="2" failures="0" timestamp="11 Apr 2020 12:15:41 GMT" time="18.447" errors="0">
  <testcase name="createaccount" time="10.003" classname="com.shopping.SignIn"/>
  <testcase name="register" time="8.444" classname="com.shopping.SignIn"/>
</testsuite> <!-- com.shopping.SignIn -->
