<?xml version="1.0" encoding="UTF-8"?>
<!-- Generated by org.testng.reporters.JUnitReportReporter -->
<testsuite skipped="0" hostname="PriyankaSahni.local" name="com.shopping.homepage" tests="2" failures="0" timestamp="17 Apr 2020 18:22:05 GMT" time="21.914" errors="0">
  <testcase name="loginToSite" time="21.844" classname="com.shopping.homepage"/>
  <testcase name="verifyheadings" time="0.070" classname="com.shopping.homepage"/>
</testsuite> <!-- com.shopping.homepage -->
