<?xml version="1.0" encoding="UTF-8"?>
<!-- Generated by org.testng.reporters.JUnitReportReporter -->
<testsuite skipped="0" hostname="PriyankaSahni.local" name="com.shopping.Login" tests="1" failures="0" timestamp="18 Apr 2020 07:47:03 GMT" time="16.501" errors="0">
  <testcase name="loginToSite" time="16.501" classname="com.shopping.Login"/>
</testsuite> <!-- com.shopping.Login -->
