<?xml version="1.0" encoding="UTF-8"?>
<!-- Generated by org.testng.reporters.JUnitReportReporter -->
<testsuite skipped="0" hostname="PriyankaSahni.local" name="com.shoping.com.shoping.AppTest" tests="1" failures="0" timestamp="17 Apr 2020 18:03:11 GMT" time="0.004" errors="0">
  <testcase name="testApp" time="0.004" classname="com.shoping.com.shoping.AppTest"/>
</testsuite> <!-- com.shoping.com.shoping.AppTest -->
